2023-04-12 07:38:06,932 - pyswarms.single.global_best - INFO - Optimize for 32 iters with {'c1': 1.5, 'c2': 1.5, 'w': 0.5}
2023-04-12 07:41:01,672 - pyswarms.single.global_best - INFO - Optimize for 32 iters with {'c1': 1.5, 'c2': 1.5, 'w': 0.5}
2023-04-12 07:41:43,817 - pyswarms.single.global_best - INFO - Optimize for 32 iters with {'c1': 1.5, 'c2': 1.5, 'w': 0.5}
2023-04-12 07:41:57,022 - pyswarms.single.global_best - INFO - Optimize for 32 iters with {'c1': 1.5, 'c2': 1.5, 'w': 0.5}
2023-04-12 07:42:17,754 - pyswarms.single.global_best - INFO - Optimize for 32 iters with {'c1': 1.5, 'c2': 1.5, 'w': 0.5}
2023-04-12 07:42:50,874 - pyswarms.single.global_best - INFO - Optimize for 32 iters with {'c1': 1.5, 'c2': 1.5, 'w': 0.5}
2023-04-12 07:43:58,070 - pyswarms.single.global_best - INFO - Optimize for 32 iters with {'c1': 1.5, 'c2': 1.5, 'w': 0.5}
2023-04-12 07:56:55,327 - pyswarms.single.global_best - INFO - Optimize for 32 iters with {'c1': 1.5, 'c2': 1.5, 'w': 0.5}
2023-04-12 07:57:39,976 - pyswarms.single.global_best - INFO - Optimize for 32 iters with {'c1': 1.5, 'c2': 1.5, 'w': 0.5}
2023-04-12 07:57:59,007 - pyswarms.single.global_best - INFO - Optimize for 32 iters with {'c1': 1.5, 'c2': 1.5, 'w': 0.5}
2023-04-12 07:58:03,283 - pyswarms.single.global_best - INFO - Optimization finished | best cost: -0.22976241286100443, best pos: [9.07237968e+01 4.58241552e-01 1.00000000e-02 9.28389630e+03
 1.36699782e+00 8.22156255e+00 7.85339602e+00 6.22553030e+01
 2.48958038e+00 8.32929864e+00 7.73553750e-01 2.72903146e+01
 5.78825621e+01 2.54425428e+00 9.64006906e+00 1.28718869e-01]
2023-04-12 07:58:32,112 - pyswarms.single.global_best - INFO - Optimize for 32 iters with {'c1': 1.5, 'c2': 1.5, 'w': 0.5}
2023-04-12 07:58:33,545 - pyswarms.single.global_best - INFO - Optimization finished | best cost: -0.21409249563699828, best pos: [7.38874398e+01 2.63074955e-01 1.00000000e-02 5.45619221e+03
 9.80580707e+00 6.71137744e+00 3.08762521e+00 4.95195066e+01
 2.61966768e+00 4.76905592e+00 3.51156024e-01 9.01964720e+01
 4.35976085e+01 9.79019280e+00 9.18821722e+00 5.76068320e-02]
2023-04-12 07:59:16,896 - pyswarms.single.global_best - INFO - Optimize for 32 iters with {'c1': 1.5, 'c2': 1.5, 'w': 0.5}
2023-04-12 07:59:17,950 - pyswarms.single.global_best - INFO - Optimization finished | best cost: 0.21933900523560207, best pos: [9.76078687e+01 2.07418789e-01 1.00000000e-02 1.55044724e+03
 7.68374895e+00 9.69764465e+00 2.44159707e+00 7.46904305e+01
 1.04587420e+00 5.58379472e+00 6.49543594e-02 2.09411229e+01
 1.08915653e+01 7.01770413e+00 3.34930281e+00 1.16655963e-01]
2023-04-12 07:59:43,254 - pyswarms.single.global_best - INFO - Optimize for 1024 iters with {'c1': 1.5, 'c2': 1.5, 'w': 0.5}
2023-04-12 08:00:01,374 - pyswarms.single.global_best - INFO - Optimization finished | best cost: 0.22979930191972078, best pos: [8.11206431e+01 2.49152650e-01 1.00000000e-02 9.27905277e+03
 3.78202027e+00 3.37511549e+00 5.78976084e+00 6.69452667e+01
 8.91978441e+00 1.62126008e+01 2.83672015e-01 2.53646499e+01
 4.06170020e+00 6.29746229e+00 3.22689457e+00 9.07846939e-01]
2023-04-12 08:00:27,615 - pyswarms.single.global_best - INFO - Optimize for 1024 iters with {'c1': 1.5, 'c2': 1.5, 'w': 0.5}
2023-04-12 08:00:45,631 - pyswarms.single.global_best - INFO - Optimization finished | best cost: 0.22974203752181502, best pos: [2.40619469e+01 9.44897740e-03 1.00000000e-02 2.18171799e+02
 1.23296928e+00 8.38879385e+00 6.50036470e+00 4.80530956e+01
 6.05931404e+00 4.13997054e+00 1.96812560e-01 5.89441288e+01
 9.15217322e+01 8.90597059e+00 5.74576067e+00 1.68074723e-01]
2023-04-12 08:01:03,783 - pyswarms.single.global_best - INFO - Optimize for 1024 iters with {'c1': 1.5, 'c2': 1.5, 'w': 0.5}
2023-04-12 08:01:22,854 - pyswarms.single.global_best - INFO - Optimization finished | best cost: 0.22975294502617802, best pos: [4.61382859e+01 2.38328613e-01 1.00000000e-02 4.33182194e+03
 3.48831802e+00 7.75660750e+00 4.48516438e+00 8.67244031e+01
 6.38653143e+00 4.22223841e+00 6.54824597e-01 2.27606305e+01
 9.67894453e+01 8.98506628e+00 4.11982379e+00 2.97471548e-01]
2023-04-12 08:01:46,097 - pyswarms.single.global_best - INFO - Optimize for 1024 iters with {'c1': 1.5, 'c2': 1.5, 'w': 0.5}
2023-04-12 08:02:04,623 - pyswarms.single.global_best - INFO - Optimization finished | best cost: -0.22093422774869112, best pos: [5.90159599e+01 3.69235207e-01 1.00000000e-02 8.35948713e+03
 1.19704603e+00 8.81334360e+00 2.91779270e+00 2.00515623e+01
 8.57221675e+00 1.08189428e+01 3.18353437e-01 3.26091190e+01
 2.53719704e+00 2.26795548e+00 8.23564647e+00 9.54662366e-01]
2023-04-12 08:03:28,060 - pyswarms.single.global_best - INFO - Optimize for 10000 iters with {'c1': 1.5, 'c2': 1.5, 'w': 0.5}
2023-04-12 08:05:15,886 - pyswarms.single.global_best - INFO - Optimize for 10000 iters with {'c1': 1.5, 'c2': 1.5, 'w': 0.5}
2023-04-12 08:08:16,695 - pyswarms.single.global_best - INFO - Optimization finished | best cost: 0.22973385689354275, best pos: [3.53026710e+01 2.65650131e-01 1.00000000e-02 9.40995524e+03
 7.91865377e+00 5.00608373e+00 1.28417113e+00 5.27135028e+01
 5.81444354e+00 2.85147819e+00 2.71495612e-01 3.24935889e+01
 4.38220020e+01 5.81719463e+00 6.73870664e+00 6.08067891e-02]
2023-04-12 08:10:35,870 - pyswarms.single.global_best - INFO - Optimize for 10000 iters with {'c1': 1.5, 'c2': 1.5, 'w': 0.5}
2023-04-12 08:13:33,036 - pyswarms.single.global_best - INFO - Optimization finished | best cost: -0.21828370418848167, best pos: [5.48431016e+01 1.16937669e-01 1.00000000e-02 4.82670450e+03
 8.24050428e+00 9.36802901e+00 3.22543329e+00 7.03610499e+01
 6.17365380e+00 6.00117590e+00 9.31575273e-02 6.14126327e+01
 6.28730634e+01 3.78989519e+00 2.19321573e+00 1.21539300e-01]
2023-04-12 08:28:22,496 - pyswarms.single.global_best - INFO - Optimize for 10000 iters with {'c1': 1.5, 'c2': 1.5, 'w': 0.5}
2023-04-12 08:29:21,488 - pyswarms.single.global_best - INFO - Optimize for 10000 iters with {'c1': 1.5, 'c2': 1.5, 'w': 0.5}
2023-04-12 08:31:44,302 - pyswarms.single.global_best - INFO - Optimize for 10000 iters with {'c1': 1.5, 'c2': 1.5, 'w': 0.5}
2023-04-12 08:33:31,736 - pyswarms.single.global_best - INFO - Optimize for 10000 iters with {'c1': 1.5, 'c2': 1.5, 'w': 0.5}
2023-04-12 08:33:51,993 - pyswarms.single.global_best - INFO - Optimize for 10000 iters with {'c1': 1.5, 'c2': 1.5, 'w': 0.5}
2023-04-12 08:34:09,173 - pyswarms.single.global_best - INFO - Optimize for 10000 iters with {'c1': 1.5, 'c2': 1.5, 'w': 0.5}
2023-04-12 08:35:08,145 - pyswarms.single.global_best - INFO - Optimize for 32 iters with {'c1': 1.5, 'c2': 1.5, 'w': 0.5}
2023-04-12 08:35:09,007 - pyswarms.single.global_best - INFO - Optimization finished | best cost: -0.2209124127399651, best pos: [2.38391341e+01 6.90873811e-03 1.00000000e-02 1.50748441e+03
 6.53050659e+00 9.05153654e+00 4.86373088e+00 1.56022086e+01
 9.91342464e+00 1.88726844e+01 6.81077843e-01 2.65880657e+01
 1.97121489e+01 7.28000981e+00 6.33428275e+00 5.33772758e-01]
